Base path: C:/Program Files (x86)/Unity/Editor/Data
Pipe name: \\.\pipe\UnityShaderCompiler-1-6096
Cmd: getPlatforms
Cmd: preprocess
  insize=782 outsize=1355 ok=1
Cmd: preprocess
  insize=448 outsize=445 ok=1
Cmd: preprocess
  insize=713 outsize=1055 ok=1
Cmd: preprocess
  insize=782 outsize=1459 ok=1
Cmd: preprocess
  insize=1924 outsize=1921 ok=1
Cmd: preprocess
  insize=1394 outsize=588 ok=1
Cmd: preprocess
  insize=1464 outsize=654 ok=1
Cmd: preprocess
  insize=695 outsize=1036 ok=1
Cmd: preprocess
  insize=634 outsize=1296 ok=1
Cmd: preprocess
  insize=652 outsize=1315 ok=1
Cmd: preprocess
  insize=501 outsize=498 ok=1
Cmd: preprocess
  insize=764 outsize=1441 ok=1
